2020/10/21 19:45:12 Find match for: C:\data\projects\projects_go\go-mail\input\*input566*.csv
2020/10/21 19:45:12 Files found for processing:  [{C:\data\projects\projects_go\go-mail\input\cayinput566000.csv 0xc00010eb60}]
2020/10/21 19:45:12 Opening file C:\data\projects\projects_go\go-mail\input\cayinput566000.csv
2020/10/21 19:45:12 eftInfo 1: D CRUPI & SONS LIMITED
2020/10/21 19:45:12 0 {2020-10-21 19:45:12 Wednesday D CRUPI & SONS LIMITED D0004 test@gmail.com   (I)8751                       PB20034 EST2 ASPHALT            31/07/20 $469974.60 001000006
 (I)8753                       PB20034 EST3 ASPHALT            15/08/20 $583537.82 001000006
 (I)8682                       PB20034 EST20101 ASPHALT        30/06/20$1353810.33 001000006
 (I)8685                       PB20034 JN20 ASPHALT INDEX      30/06/20 $125440.53 001000006
 15 OCT 2020 $2532763.28 }
2020/10/21 19:45:17 Error sending emails for input file: C:\data\projects\projects_go\go-mail\input\cayinput566000.csv gomail: could not send email 1: 550 5.7.54 SMTP; Unable to relay recipient in non-accepted domain
2020/10/21 19:45:17 gomail: could not send email 1: 550 5.7.54 SMTP; Unable to relay recipient in non-accepted domain
2020/10/21 19:46:11 Find match for: C:\data\projects\projects_go\go-mail\input\*input566*.csv
2020/10/21 19:46:11 Files found for processing:  [{C:\data\projects\projects_go\go-mail\input\cayinput566000.csv 0xc00010eb60}]
2020/10/21 19:46:11 Opening file C:\data\projects\projects_go\go-mail\input\cayinput566000.csv
2020/10/21 19:46:11 eftInfo 1: D CRUPI & SONS LIMITED
2020/10/21 19:46:11 Error sending emails for input file: C:\data\projects\projects_go\go-mail\input\cayinput566000.csv 421 4.3.2 Service not available
2020/10/21 19:46:11 421 4.3.2 Service not available
2020/10/21 19:48:23 Find match for: C:\data\projects\projects_go\go-mail\input\*input566*.csv
2020/10/21 19:48:23 Files found for processing:  [{C:\data\projects\projects_go\go-mail\input\cayinput566000.csv 0xc000180150}]
2020/10/21 19:48:23 Opening file C:\data\projects\projects_go\go-mail\input\cayinput566000.csv
2020/10/21 19:48:23 eftInfo 1: D CRUPI & SONS LIMITED
2020/10/21 19:48:23 Error sending emails for input file: C:\data\projects\projects_go\go-mail\input\cayinput566000.csv 421 4.3.2 Service not available
2020/10/21 19:48:23 421 4.3.2 Service not available
